<?xml version="1.0" encoding="utf-8"?><testsuites name="pytest tests"><testsuite name="pytest" errors="0" failures="0" skipped="0" tests="27" time="3.372" timestamp="2026-07-02T21:12:41.948431+00:00" hostname="agent-env-57853b8c-72a0-4fd8-aed3-05cc1c07dd96"><testcase classname="backend.tests.backend_test.TestHealth" name="test_root" time="0.321" /><testcase classname="backend.tests.backend_test.TestAuth" name="test_register_returns_token_and_user" time="0.520" /><testcase classname="backend.tests.backend_test.TestAuth" name="test_register_duplicate_email_400" time="0.043" /><testcase classname="backend.tests.backend_test.TestAuth" name="test_register_short_password_422" time="0.042" /><testcase classname="backend.tests.backend_test.TestAuth" name="test_login_success" time="0.272" /><testcase classname="backend.tests.backend_test.TestAuth" name="test_login_wrong_password_401" time="0.265" /><testcase classname="backend.tests.backend_test.TestAuth" name="test_login_unknown_email_401" time="0.043" /><testcase classname="backend.tests.backend_test.TestAuth" name="test_me_with_token" time="0.152" /><testcase classname="backend.tests.backend_test.TestAuth" name="test_me_without_token_401" time="0.040" /><testcase classname="backend.tests.backend_test.TestAuth" name="test_me_invalid_token_401" time="0.043" /><testcase classname="backend.tests.backend_test.TestEntries" name="test_create_private_entry" time="0.054" /><testcase classname="backend.tests.backend_test.TestEntries" name="test_create_public_entry" time="0.044" /><testcase classname="backend.tests.backend_test.TestEntries" name="test_list_my_entries" time="0.043" /><testcase classname="backend.tests.backend_test.TestEntries" name="test_calendar_filter" time="0.044" /><testcase classname="backend.tests.backend_test.TestEntries" name="test_calendar_other_month_empty_or_no_leak" time="0.044" /><testcase classname="backend.tests.backend_test.TestEntries" name="test_community_returns_only_public" time="0.366" /><testcase classname="backend.tests.backend_test.TestEntries" name="test_react_toggle" time="0.105" /><testcase classname="backend.tests.backend_test.TestEntries" name="test_react_nonexistent_entry_404" time="0.041" /><testcase classname="backend.tests.backend_test.TestEntries" name="test_entries_require_auth" time="0.202" /><testcase classname="backend.tests.backend_test.TestTasks" name="test_create_task" time="0.051" /><testcase classname="backend.tests.backend_test.TestTasks" name="test_list_tasks_by_date" time="0.042" /><testcase classname="backend.tests.backend_test.TestTasks" name="test_patch_toggle_completed" time="0.091" /><testcase classname="backend.tests.backend_test.TestTasks" name="test_patch_missing_task_404" time="0.081" /><testcase classname="backend.tests.backend_test.TestTasks" name="test_delete_task" time="0.105" /><testcase classname="backend.tests.backend_test.TestTasks" name="test_delete_missing_task_404" time="0.051" /><testcase classname="backend.tests.backend_test.TestTasks" name="test_tasks_require_auth" time="0.087" /><testcase classname="backend.tests.backend_test.TestZCleanup" name="test_delete_created_entries" time="0.091" /></testsuite></testsuites>